{
  "RSpec": {
    "coverage": {
      "/Users/johncox/projects/personal/berg/spec/support/factory_bot.rb": {
        "lines": [
          1,
          1,
          1,
          null
        ]
      },
      "/Users/johncox/projects/personal/berg/config/environment.rb": {
        "lines": [
          null,
          1,
          null,
          null,
          1
        ]
      },
      "/Users/johncox/projects/personal/berg/config/application.rb": {
        "lines": [
          1,
          null,
          1,
          null,
          null,
          null,
          1,
          null,
          1,
          1,
          null,
          1,
          null,
          null,
          null,
          null,
          null,
          null,
          null
        ]
      },
      "/Users/johncox/projects/personal/berg/config/boot.rb": {
        "lines": [
          1,
          null,
          1,
          1
        ]
      },
      "/Users/johncox/projects/personal/berg/config/environments/test.rb": {
        "lines": [
          null,
          null,
          null,
          null,
          null,
          1,
          null,
          null,
          1,
          1,
          null,
          null,
          null,
          null,
          1,
          null,
          null,
          1,
          1,
          null,
          null,
          null,
          null,
          1,
          1,
          1,
          null,
          null,
          1,
          null,
          null,
          1,
          null,
          null,
          1,
          null,
          1,
          null,
          null,
          null,
          null,
          1,
          null,
          null,
          1,
          null,
          null,
          null,
          null
        ]
      },
      "/Users/johncox/projects/personal/berg/config/initializers/application_controller_renderer.rb": {
        "lines": [
          null,
          null,
          null,
          null,
          null,
          null,
          null,
          null
        ]
      },
      "/Users/johncox/projects/personal/berg/config/initializers/assets.rb": {
        "lines": [
          null,
          null,
          null,
          1,
          null,
          null,
          null,
          null,
          1,
          null,
          null,
          null,
          null,
          null
        ]
      },
      "/Users/johncox/projects/personal/berg/config/initializers/backtrace_silencers.rb": {
        "lines": [
          null,
          null,
          null,
          null,
          null,
          null,
          null
        ]
      },
      "/Users/johncox/projects/personal/berg/config/initializers/content_security_policy.rb": {
        "lines": [
          null,
          null,
          null,
          null,
          null,
          null,
          null,
          null,
          null,
          null,
          null,
          null,
          null,
          null,
          null,
          null,
          null,
          null,
          null,
          null,
          null,
          null,
          null,
          null,
          null,
          null,
          null,
          null,
          null,
          null
        ]
      },
      "/Users/johncox/projects/personal/berg/config/initializers/cookies_serializer.rb": {
        "lines": [
          null,
          null,
          null,
          null,
          1
        ]
      },
      "/Users/johncox/projects/personal/berg/config/initializers/cors.rb": {
        "lines": [
          1,
          1,
          1,
          1,
          null,
          null
        ]
      },
      "/Users/johncox/projects/personal/berg/config/initializers/filter_parameter_logging.rb": {
        "lines": [
          null,
          null,
          null,
          1
        ]
      },
      "/Users/johncox/projects/personal/berg/config/initializers/inflections.rb": {
        "lines": [
          null,
          null,
          null,
          null,
          null,
          null,
          null,
          null,
          null,
          null,
          null,
          null,
          null,
          null,
          null,
          null
        ]
      },
      "/Users/johncox/projects/personal/berg/config/initializers/mime_types.rb": {
        "lines": [
          null,
          null,
          null,
          null
        ]
      },
      "/Users/johncox/projects/personal/berg/config/initializers/phonelib.rb": {
        "lines": [
          1
        ]
      },
      "/Users/johncox/projects/personal/berg/config/initializers/wrap_parameters.rb": {
        "lines": [
          null,
          null,
          null,
          null,
          null,
          null,
          1,
          2,
          null,
          null,
          null,
          null,
          null,
          null
        ]
      },
      "/Users/johncox/projects/personal/berg/spec/factories/uploads.rb": {
        "lines": [
          1,
          1,
          6,
          6,
          6,
          null,
          null
        ]
      },
      "/Users/johncox/projects/personal/berg/spec/factories/users.rb": {
        "lines": [
          1,
          1,
          13,
          13,
          13,
          6,
          null,
          null
        ]
      },
      "/Users/johncox/projects/personal/berg/config/routes.rb": {
        "lines": [
          1,
          null,
          1,
          1,
          0,
          null,
          1,
          1,
          1,
          null
        ]
      },
      "/Users/johncox/projects/personal/berg/app/helpers/application_helper.rb": {
        "lines": [
          1,
          null
        ]
      },
      "/Users/johncox/projects/personal/berg/app/helpers/uploads_helper.rb": {
        "lines": [
          1,
          null
        ]
      },
      "/Users/johncox/projects/personal/berg/app/controllers/uploads_controller.rb": {
        "lines": [
          1,
          1,
          null,
          null,
          null,
          1,
          null,
          null,
          null,
          null,
          1,
          1,
          1,
          1,
          1,
          2,
          null,
          0,
          null,
          null,
          null,
          null,
          1,
          null,
          1,
          2,
          null,
          null,
          null,
          1,
          1,
          null,
          null
        ]
      },
      "/Users/johncox/projects/personal/berg/app/controllers/application_controller.rb": {
        "lines": [
          1,
          1,
          null
        ]
      },
      "/Users/johncox/projects/personal/berg/spec/models/upload_spec.rb": {
        "lines": [
          1,
          null,
          1,
          null,
          null,
          null,
          2,
          null,
          1,
          1,
          1,
          1,
          1,
          null,
          1,
          1,
          1,
          null,
          null,
          1,
          1,
          1,
          1,
          1,
          null,
          null,
          1,
          1,
          1,
          1,
          null,
          null
        ]
      },
      "/Users/johncox/projects/personal/berg/app/models/upload.rb": {
        "lines": [
          1,
          null,
          1,
          1,
          1,
          null,
          1,
          null,
          1,
          null,
          1,
          8,
          null,
          null,
          1,
          1,
          1,
          2,
          2,
          1,
          null,
          null,
          1,
          1,
          null,
          null
        ]
      },
      "/Users/johncox/projects/personal/berg/app/models/application_record.rb": {
        "lines": [
          1,
          1,
          null
        ]
      },
      "/Users/johncox/projects/personal/berg/app/uploaders/csv_uploader.rb": {
        "lines": [
          1,
          null,
          null,
          null,
          null,
          null,
          1,
          null,
          null,
          null,
          null,
          1,
          2,
          null,
          null,
          null,
          null,
          null,
          null,
          null,
          null,
          null,
          null,
          null,
          null,
          null,
          null,
          null,
          null,
          null,
          null,
          null,
          null,
          null,
          null,
          null,
          null,
          null,
          null,
          null,
          null,
          null,
          null,
          null,
          null,
          null,
          null
        ]
      },
      "/Users/johncox/projects/personal/berg/spec/models/user_spec.rb": {
        "lines": [
          1,
          null,
          1,
          1,
          1,
          1,
          null,
          null,
          1,
          1,
          null,
          1,
          1,
          1,
          null,
          null,
          1,
          1,
          null,
          null,
          1,
          1,
          null,
          null,
          1,
          1,
          null,
          null,
          1,
          1,
          null,
          null,
          1,
          1,
          null,
          null,
          1,
          1,
          null,
          null,
          null,
          1,
          1,
          null,
          null,
          1,
          1,
          null,
          null,
          1,
          1,
          null,
          null,
          1,
          1,
          null,
          null,
          null,
          null,
          1,
          1,
          1,
          null,
          null,
          null
        ]
      },
      "/Users/johncox/projects/personal/berg/app/models/user.rb": {
        "lines": [
          1,
          1,
          1,
          17,
          null,
          1,
          null,
          1,
          null,
          1,
          2,
          2,
          2,
          null,
          null,
          null
        ]
      },
      "/Users/johncox/projects/personal/berg/spec/workers/upload_worker_spec.rb": {
        "lines": [
          1,
          null,
          1,
          1,
          1,
          1,
          1,
          null,
          null
        ]
      },
      "/Users/johncox/projects/personal/berg/app/workers/UploadWorker.rb": {
        "lines": [
          1,
          1,
          null,
          1,
          1,
          1,
          null,
          null
        ]
      }
    },
    "timestamp": 1605651261
  }
}
