{
  "RSpec": {
    "coverage": {
      "/Users/johncox/projects/personal/berg/spec/support/factory_bot.rb": [
        1,
        1,
        1,
        null
      ],
      "/Users/johncox/projects/personal/berg/config/environment.rb": [
        null,
        1,
        null,
        null,
        1
      ],
      "/Users/johncox/projects/personal/berg/config/application.rb": [
        1,
        null,
        1,
        null,
        null,
        null,
        1,
        null,
        1,
        1,
        null,
        1,
        null,
        null,
        null,
        null,
        null,
        null,
        null
      ],
      "/Users/johncox/projects/personal/berg/config/boot.rb": [
        1,
        null,
        1,
        1
      ],
      "/Users/johncox/projects/personal/berg/config/environments/test.rb": [
        null,
        null,
        null,
        null,
        null,
        1,
        null,
        null,
        1,
        1,
        null,
        null,
        null,
        null,
        1,
        null,
        null,
        1,
        1,
        null,
        null,
        null,
        null,
        1,
        1,
        1,
        null,
        null,
        1,
        null,
        null,
        1,
        null,
        null,
        1,
        null,
        1,
        null,
        null,
        null,
        null,
        1,
        null,
        null,
        1,
        null,
        null,
        null,
        null
      ],
      "/Users/johncox/projects/personal/berg/config/initializers/application_controller_renderer.rb": [
        null,
        null,
        null,
        null,
        null,
        null,
        null,
        null
      ],
      "/Users/johncox/projects/personal/berg/config/initializers/assets.rb": [
        null,
        null,
        null,
        1,
        null,
        null,
        null,
        null,
        1,
        null,
        null,
        null,
        null,
        null
      ],
      "/Users/johncox/projects/personal/berg/config/initializers/backtrace_silencers.rb": [
        null,
        null,
        null,
        null,
        null,
        null,
        null
      ],
      "/Users/johncox/projects/personal/berg/config/initializers/content_security_policy.rb": [
        null,
        null,
        null,
        null,
        null,
        null,
        null,
        null,
        null,
        null,
        null,
        null,
        null,
        null,
        null,
        null,
        null,
        null,
        null,
        null,
        null,
        null,
        null,
        null,
        null,
        null,
        null,
        null,
        null,
        null
      ],
      "/Users/johncox/projects/personal/berg/config/initializers/cookies_serializer.rb": [
        null,
        null,
        null,
        null,
        1
      ],
      "/Users/johncox/projects/personal/berg/config/initializers/cors.rb": [
        1,
        1,
        1,
        1,
        null,
        null
      ],
      "/Users/johncox/projects/personal/berg/config/initializers/filter_parameter_logging.rb": [
        null,
        null,
        null,
        1
      ],
      "/Users/johncox/projects/personal/berg/config/initializers/inflections.rb": [
        null,
        null,
        null,
        null,
        null,
        null,
        null,
        null,
        null,
        null,
        null,
        null,
        null,
        null,
        null,
        null
      ],
      "/Users/johncox/projects/personal/berg/config/initializers/mime_types.rb": [
        null,
        null,
        null,
        null
      ],
      "/Users/johncox/projects/personal/berg/config/initializers/phonelib.rb": [
        1
      ],
      "/Users/johncox/projects/personal/berg/config/initializers/wrap_parameters.rb": [
        null,
        null,
        null,
        null,
        null,
        null,
        1,
        2,
        null,
        null,
        null,
        null,
        null,
        null
      ],
      "/Users/johncox/projects/personal/berg/spec/factories/uploads.rb": [
        1,
        1,
        6,
        6,
        6,
        null,
        null
      ],
      "/Users/johncox/projects/personal/berg/spec/factories/users.rb": [
        1,
        1,
        16,
        16,
        16,
        9,
        null,
        null
      ],
      "/Users/johncox/projects/personal/berg/config/routes.rb": [
        1,
        null,
        1,
        1,
        0,
        null,
        1,
        1,
        1,
        null
      ],
      "/Users/johncox/projects/personal/berg/app/helpers/application_helper.rb": [
        1,
        null
      ],
      "/Users/johncox/projects/personal/berg/app/helpers/uploads_helper.rb": [
        1,
        null
      ],
      "/Users/johncox/projects/personal/berg/app/controllers/graphql_controller.rb": [
        1,
        null,
        null,
        null,
        null,
        null,
        1,
        1,
        1,
        1,
        1,
        null,
        null,
        null,
        1,
        1,
        null,
        0,
        0,
        null,
        null,
        1,
        null,
        null,
        1,
        1,
        null,
        0,
        0,
        null,
        0,
        null,
        null,
        0,
        null,
        0,
        null,
        1,
        null,
        0,
        null,
        null,
        null,
        1,
        0,
        0,
        null,
        0,
        null,
        null
      ],
      "/Users/johncox/projects/personal/berg/app/controllers/application_controller.rb": [
        1,
        1,
        null
      ],
      "/Users/johncox/projects/personal/berg/spec/controllers/uploads_controller_spec.rb": [
        1,
        null,
        1,
        1,
        1,
        6,
        null,
        null,
        1,
        null,
        1,
        null,
        1,
        1,
        null,
        1,
        null,
        null,
        1,
        1,
        1,
        1,
        1,
        null,
        null,
        1,
        1,
        1,
        1,
        1,
        null,
        null
      ],
      "/Users/johncox/projects/personal/berg/app/controllers/uploads_controller.rb": [
        1,
        1,
        null,
        null,
        null,
        1,
        null,
        null,
        null,
        null,
        1,
        1,
        1,
        1,
        1,
        2,
        null,
        0,
        null,
        null,
        null,
        null,
        1,
        null,
        1,
        2,
        null,
        null,
        null,
        1,
        1,
        null,
        null
      ],
      "/Users/johncox/projects/personal/berg/spec/models/upload_spec.rb": [
        1,
        null,
        1,
        null,
        null,
        null,
        2,
        null,
        1,
        2,
        1,
        1,
        1,
        1,
        null,
        1,
        1,
        1,
        null,
        null,
        1,
        1,
        1,
        1,
        1,
        null,
        null,
        1,
        1,
        1,
        1,
        null,
        null,
        1,
        1,
        null,
        null,
        1,
        1,
        1,
        1,
        1,
        1,
        1,
        null,
        null
      ],
      "/Users/johncox/projects/personal/berg/app/models/upload.rb": [
        1,
        1,
        null,
        1,
        1,
        1,
        null,
        1,
        null,
        1,
        null,
        1,
        8,
        null,
        null,
        1,
        1,
        1,
        2,
        null,
        1,
        1,
        null,
        null,
        1,
        2,
        2,
        2,
        1,
        null,
        null,
        null,
        1,
        3,
        null,
        null,
        null,
        null,
        null,
        null,
        null,
        1,
        9,
        43,
        null,
        null
      ],
      "/Users/johncox/projects/personal/berg/app/models/application_record.rb": [
        1,
        1,
        null
      ],
      "/Users/johncox/projects/personal/berg/app/uploaders/csv_uploader.rb": [
        1,
        null,
        null,
        null,
        null,
        null,
        1,
        null,
        null,
        null,
        null,
        1,
        2,
        null,
        null,
        null,
        null,
        null,
        null,
        null,
        null,
        null,
        null,
        null,
        null,
        null,
        null,
        null,
        null,
        null,
        null,
        null,
        null,
        null,
        null,
        null,
        null,
        null,
        null,
        null,
        null,
        null,
        null,
        null,
        null,
        null,
        null
      ],
      "/Users/johncox/projects/personal/berg/spec/models/user_spec.rb": [
        1,
        null,
        1,
        1,
        1,
        1,
        null,
        null,
        1,
        1,
        null,
        1,
        1,
        1,
        null,
        null,
        1,
        1,
        null,
        null,
        1,
        1,
        null,
        null,
        1,
        1,
        null,
        null,
        1,
        1,
        null,
        null,
        1,
        1,
        null,
        null,
        1,
        1,
        null,
        null,
        null,
        1,
        1,
        null,
        null,
        1,
        1,
        null,
        null,
        1,
        1,
        null,
        null,
        1,
        1,
        null,
        null,
        null,
        null,
        1,
        1,
        1,
        null,
        null,
        null
      ],
      "/Users/johncox/projects/personal/berg/app/models/user.rb": [
        1,
        1,
        1,
        20,
        null,
        1,
        null,
        1,
        null,
        1,
        5,
        5,
        5,
        null,
        null,
        null
      ],
      "/Users/johncox/projects/personal/berg/spec/workers/upload_worker_spec.rb": [
        1,
        null,
        1,
        1,
        1,
        1,
        1,
        null,
        null
      ],
      "/Users/johncox/projects/personal/berg/app/workers/UploadWorker.rb": [
        1,
        1,
        null,
        1,
        1,
        1,
        null,
        null
      ],
      "/Users/johncox/projects/personal/berg/app/graphql/berg_schema.rb": [
        1,
        1,
        1,
        null,
        null,
        1,
        1,
        null,
        null,
        1,
        null
      ],
      "/Users/johncox/projects/personal/berg/app/graphql/types/mutation_type.rb": [
        1,
        1,
        null,
        1,
        null,
        1,
        0,
        null,
        null,
        null
      ],
      "/Users/johncox/projects/personal/berg/app/graphql/types/base_object.rb": [
        1,
        1,
        1,
        null,
        null
      ],
      "/Users/johncox/projects/personal/berg/app/graphql/types/base_field.rb": [
        1,
        1,
        1,
        null,
        null
      ],
      "/Users/johncox/projects/personal/berg/app/graphql/types/base_argument.rb": [
        1,
        1,
        null,
        null
      ],
      "/Users/johncox/projects/personal/berg/app/graphql/types/query_type.rb": [
        1,
        1,
        null,
        null,
        null,
        null,
        1,
        1,
        1,
        1,
        null,
        null,
        1,
        1,
        null,
        1,
        null,
        null,
        null,
        null,
        null,
        null,
        null
      ],
      "/Users/johncox/projects/personal/berg/app/graphql/types/users_type.rb": [
        1,
        1,
        1,
        1,
        1,
        1,
        null,
        null
      ],
      "/Users/johncox/projects/personal/berg/app/graphql/types/user_type.rb": [
        1,
        1,
        1,
        1,
        1,
        1,
        1,
        1,
        1,
        null,
        null
      ]
    },
    "timestamp": 1605797140
  }
}
